<?xml version="1.0" encoding="UTF-8"?>
<!-- Generated by org.testng.reporters.JUnitXMLReporter -->
<testsuite ignored="1" hostname="MacBook-Pro.local" failures="0" tests="1" name="Default test" time="26.102" errors="0" timestamp="2025-04-26T16:01:02 IST">
  <testcase classname="testClasses.CheckoutPageTest" name="verifyTheOrderIsPlacedSuccessfully" time="20.829"/>
  <testcase classname="testClasses.CheckoutPageTest" name="verifyTheUserHasSignOut" time="0.0">
    <ignored/>
  </testcase> <!-- verifyTheUserHasSignOut -->
</testsuite> <!-- Default test -->
