<?xml version="1.0" encoding="UTF-8"?>
<!-- Generated by org.testng.reporters.JUnitXMLReporter -->
<testsuite ignored="0" hostname="MacBook-Pro.local" failures="0" tests="4" name="chromeTest" time="41.437" errors="0" timestamp="2025-04-24T20:46:47 IST">
  <testcase classname="testClasses.LoginPageTest" name="verifySuccessfulLogin" time="5.632"/>
  <testcase classname="testClasses.LoginPageTest" name="verifyUnsuccessfulLoginWithCorrectEmail" time="3.799"/>
  <testcase classname="testClasses.LoginPageTest" name="verifyUnsuccessfulLoginWithInCorrectEmail" time="2.06"/>
  <testcase classname="testClasses.LoginPageTest" name="verifyUnsuccessfulLoginWithInCorrectEmail" time="1.653"/>
</testsuite> <!-- chromeTest -->
