<?xml version="1.0" encoding="UTF-8"?>
<!-- Generated by org.testng.reporters.JUnitXMLReporter -->
<testsuite ignored="14" hostname="MacBook-Pro.local" failures="0" tests="2" name="AllTests" time="33.921" errors="0" timestamp="2025-04-26T16:14:05 IST">
  <testcase classname="testClasses.CheckoutPageTest" name="verifyTheOrderIsPlacedSuccessfully" time="20.109"/>
  <testcase classname="testClasses.CheckoutPageTest" name="verifyTheUserHasSignOut" time="2.486"/>
  <testcase classname="testClasses.CreateAccountPageTest" name="verifyTheCustomerAccountIsCreated" time="0.0">
    <ignored/>
  </testcase> <!-- verifyTheCustomerAccountIsCreated -->
  <testcase classname="testClasses.LoginPageTest" name="verifySuccessfulLogin" time="0.0">
    <ignored/>
  </testcase> <!-- verifySuccessfulLogin -->
  <testcase classname="testClasses.CreateAccountPageTest" name="verifyIfUserHitsTheCorrectURL" time="0.0">
    <ignored/>
  </testcase> <!-- verifyIfUserHitsTheCorrectURL -->
  <testcase classname="testClasses.LoginPageTest" name="verifyUnsuccessfulLoginWithInCorrectEmail" time="0.0">
    <ignored/>
  </testcase> <!-- verifyUnsuccessfulLoginWithInCorrectEmail -->
  <testcase classname="testClasses.EditAccountPageTest" name="verifyTheEditDetailsAreUpdatedSuccessfully" time="0.0">
    <ignored/>
  </testcase> <!-- verifyTheEditDetailsAreUpdatedSuccessfully -->
  <testcase classname="testClasses.ProductPageTest" name="verifyTheBagProductIsAddedToCartFromNavBar" time="0.0">
    <ignored/>
  </testcase> <!-- verifyTheBagProductIsAddedToCartFromNavBar -->
  <testcase classname="testClasses.ProductPageTest" name="verifyTheSearchedProductName" time="0.0">
    <ignored/>
  </testcase> <!-- verifyTheSearchedProductName -->
  <testcase classname="testClasses.ProductPageTest" name="verifytheReviewOfproductIsAddedSuccessfully" time="0.0">
    <ignored/>
  </testcase> <!-- verifytheReviewOfproductIsAddedSuccessfully -->
  <testcase classname="testClasses.ShoppingCartPageTest" name="verifyTheItemIsRemovedFromTheCart" time="0.0">
    <ignored/>
  </testcase> <!-- verifyTheItemIsRemovedFromTheCart -->
  <testcase classname="testClasses.WishListPageTest" name="verifyTheProductIsAddedToWishlist" time="0.0">
    <ignored/>
  </testcase> <!-- verifyTheProductIsAddedToWishlist -->
  <testcase classname="testClasses.ShoppingCartPageTest" name="verifyTheDetailsInTheCartAreUpdated" time="0.0">
    <ignored/>
  </testcase> <!-- verifyTheDetailsInTheCartAreUpdated -->
  <testcase classname="testClasses.ProductPageTest" name="verifyTheDressProductIsAddedToCartFromDirectSearch" time="0.0">
    <ignored/>
  </testcase> <!-- verifyTheDressProductIsAddedToCartFromDirectSearch -->
  <testcase classname="testClasses.SignOutTest" name="verifyTheUserHasSignOut" time="0.0">
    <ignored/>
  </testcase> <!-- verifyTheUserHasSignOut -->
  <testcase classname="testClasses.LoginPageTest" name="verifyUnsuccessfulLoginWithCorrectEmail" time="0.0">
    <ignored/>
  </testcase> <!-- verifyUnsuccessfulLoginWithCorrectEmail -->
</testsuite> <!-- AllTests -->
