<?xml version="1.0" encoding="UTF-8"?>
<testng-results ignored="0" total="2" passed="2" failed="0" skipped="0">
  <reporter-output>
  </reporter-output>
  <suite started-at="2025-04-26T16:13:31 IST" name="MyTestNGSuite" finished-at="2025-04-26T16:14:05 IST" duration-ms="33921">
    <groups>
      <group name="signout">
        <method signature="CheckoutPageTest.verifyTheUserHasSignOut()[pri:1, instance:testClasses.CheckoutPageTest@120f38e6]" name="verifyTheUserHasSignOut" class="testClasses.CheckoutPageTest"/>
      </group> <!-- signout -->
      <group name="checkout">
        <method signature="CheckoutPageTest.verifyTheOrderIsPlacedSuccessfully()[pri:0, instance:testClasses.CheckoutPageTest@120f38e6]" name="verifyTheOrderIsPlacedSuccessfully" class="testClasses.CheckoutPageTest"/>
      </group> <!-- checkout -->
    </groups>
    <test started-at="2025-04-26T16:13:31 IST" name="AllTests" finished-at="2025-04-26T16:14:05 IST" duration-ms="33921">
      <class name="testClasses.CheckoutPageTest">
        <test-method is-config="true" signature="setUp()[pri:0, instance:testClasses.CheckoutPageTest@120f38e6]" started-at="2025-04-26T16:13:31 IST" name="setUp" finished-at="2025-04-26T16:13:41 IST" duration-ms="10871" status="PASS">
          <reporter-output>
          </reporter-output>
        </test-method> <!-- setUp -->
        <test-method signature="verifyTheOrderIsPlacedSuccessfully()[pri:0, instance:testClasses.CheckoutPageTest@120f38e6]" started-at="2025-04-26T16:13:42 IST" name="verifyTheOrderIsPlacedSuccessfully" description="To verify if the order is placed successfully" finished-at="2025-04-26T16:14:02 IST" duration-ms="20109" status="PASS">
          <reporter-output>
          </reporter-output>
        </test-method> <!-- verifyTheOrderIsPlacedSuccessfully -->
        <test-method signature="verifyTheUserHasSignOut()[pri:1, instance:testClasses.CheckoutPageTest@120f38e6]" started-at="2025-04-26T16:14:02 IST" name="verifyTheUserHasSignOut" description="To verify if the user has Sign Out successfully " finished-at="2025-04-26T16:14:04 IST" duration-ms="2486" status="PASS">
          <reporter-output>
          </reporter-output>
        </test-method> <!-- verifyTheUserHasSignOut -->
        <test-method is-config="true" signature="tearDown()[pri:0, instance:testClasses.CheckoutPageTest@120f38e6]" started-at="2025-04-26T16:14:04 IST" name="tearDown" finished-at="2025-04-26T16:14:05 IST" duration-ms="399" status="PASS">
          <reporter-output>
          </reporter-output>
        </test-method> <!-- tearDown -->
      </class> <!-- testClasses.CheckoutPageTest -->
    </test> <!-- AllTests -->
  </suite> <!-- MyTestNGSuite -->
</testng-results>
