<?xml version="1.0" encoding="UTF-8"?>
<testsuite xmlns:xsi="http://www.w3.org/2001/XMLSchema-instance" xsi:noNamespaceSchemaLocation="https://maven.apache.org/surefire/maven-surefire-plugin/xsd/surefire-test-report-3.0.xsd" version="3.0" name="TestSuite" time="35.982" tests="2" errors="0" skipped="0" failures="0">
  <properties>
[...]
</properties>
  <testcase name="verifyTheOrderIsPlacedSuccessfully" classname="testClasses.CheckoutPageTest" time="20.121">
    <system-out><![CDATA[Directory already exists: /Users/aleena/eclipse-workspace/com.magento_e-commerce/TestReport
ExtentReport Path for MAC: /Users/aleena/eclipse-workspace/com.magento_e-commerce/TestReport

2025-04-26T10:43:30.296281Z main ERROR Log4j2 could not find a logging implementation. Please add log4j-core to the classpath. Using SimpleLogger to log to the console...
Loaded user from Excel: pwzxc@gmail.com / 1Tp59z549^ / Sucheta / Ahluwalia D
Extent Reports Test Suite started!
verifyTheOrderIsPlacedSuccessfully started!
state: California and post code: 90210
Saved address found. Using it.
checkbox selected: true
Data already exists.Updating row...
Updated existing user data for: pwzxc@gmail.com
Thank you for your purchase!
verifyTheOrderIsPlacedSuccessfully passed!
]]></system-out>
    <system-err><![CDATA[SLF4J: Failed to load class "org.slf4j.impl.StaticLoggerBinder".
SLF4J: Defaulting to no-operation (NOP) logger implementation
SLF4J: See http://www.slf4j.org/codes.html#StaticLoggerBinder for further details.
Apr 26, 2025 4:13:34 PM org.openqa.selenium.devtools.CdpVersionFinder findNearestMatch
WARNING: Unable to find an exact match for CDP version 135, returning the closest version; found: 131; Please update to a Selenium version that supports CDP version 135
]]></system-err>
  </testcase>
  <testcase name="verifyTheUserHasSignOut" classname="testClasses.CheckoutPageTest" time="2.482">
    <system-out><![CDATA[verifyTheUserHasSignOut started!
User signed out successfully
verifyTheUserHasSignOut passed!
]]></system-out>
  </testcase>
</testsuite>