<?xml version="1.0" encoding="UTF-8"?>
<!-- Generated by org.testng.reporters.JUnitXMLReporter -->
<testsuite ignored="0" hostname="MacBook-Pro.local" failures="0" tests="4" name="chromeTest" time="39.061" errors="0" timestamp="2025-04-24T20:56:20 IST">
  <testcase classname="testClasses.LoginPageTest" name="verifySuccessfulLogin" time="5.51"/>
  <testcase classname="testClasses.LoginPageTest" name="verifyUnsuccessfulLoginWithCorrectEmail" time="3.246"/>
  <testcase classname="testClasses.LoginPageTest" name="verifyUnsuccessfulLoginWithInCorrectEmail" time="1.589"/>
  <testcase classname="testClasses.LoginPageTest" name="verifyUnsuccessfulLoginWithInCorrectEmail" time="1.976"/>
</testsuite> <!-- chromeTest -->
