<?xml version="1.0" encoding="UTF-8"?>
<!-- Generated by org.testng.reporters.JUnitXMLReporter -->
<testsuite ignored="0" hostname="MacBook-Pro.local" failures="0" tests="4" name="firefoxTest" time="53.197" errors="0" timestamp="2025-04-24T21:10:06 IST">
  <testcase classname="testClasses.LoginPageTest" name="verifySuccessfulLogin" time="6.313"/>
  <testcase classname="testClasses.LoginPageTest" name="verifyUnsuccessfulLoginWithCorrectEmail" time="3.605"/>
  <testcase classname="testClasses.LoginPageTest" name="verifyUnsuccessfulLoginWithInCorrectEmail" time="1.665"/>
  <testcase classname="testClasses.LoginPageTest" name="verifyUnsuccessfulLoginWithInCorrectEmail" time="1.739"/>
</testsuite> <!-- firefoxTest -->
